2019-10-23 09:33:14 [scrapy.utils.log] INFO: Scrapy 1.7.4 started (bot: kcrawler)
2019-10-23 09:33:14 [scrapy.utils.log] INFO: Versions: lxml 4.4.1.0, libxml2 2.9.9, cssselect 1.1.0, parsel 1.5.2, w3lib 1.21.0, Twisted 19.7.0, Python 3.5.2 (default, Oct  8 2019, 13:06:37) - [GCC 5.4.0 20160609], pyOpenSSL 19.0.0 (OpenSSL 1.0.2g  1 Mar 2016), cryptography 2.8, Platform Linux-4.15.0-64-generic-x86_64-with-Ubuntu-16.04-xenial
2019-10-23 09:33:14 [scrapy.crawler] INFO: Overridden settings: {'NEWSPIDER_MODULE': 'kcrawler.spiders', 'LOG_FILE': 'logs/kcrawler/mainspider/2270a0b4f57811e9b94494c6913d5273.log', 'SPIDER_MODULES': ['kcrawler.spiders'], 'BOT_NAME': 'kcrawler'}
2019-10-23 09:33:14 [scrapy.extensions.telnet] INFO: Telnet Password: cdda200baa02c945
2019-10-23 09:33:14 [scrapy.middleware] INFO: Enabled extensions:
['scrapy.extensions.telnet.TelnetConsole',
 'scrapy.extensions.corestats.CoreStats',
 'scrapy.extensions.logstats.LogStats',
 'scrapy.extensions.memusage.MemoryUsage']
2019-10-23 09:33:14 [scrapy.middleware] INFO: Enabled downloader middlewares:
['scrapy.downloadermiddlewares.httpauth.HttpAuthMiddleware',
 'scrapy.downloadermiddlewares.downloadtimeout.DownloadTimeoutMiddleware',
 'scrapy.downloadermiddlewares.defaultheaders.DefaultHeadersMiddleware',
 'scrapy.downloadermiddlewares.useragent.UserAgentMiddleware',
 'scrapy.downloadermiddlewares.retry.RetryMiddleware',
 'scrapy.downloadermiddlewares.redirect.MetaRefreshMiddleware',
 'scrapy.downloadermiddlewares.httpcompression.HttpCompressionMiddleware',
 'scrapy.downloadermiddlewares.redirect.RedirectMiddleware',
 'scrapy.downloadermiddlewares.cookies.CookiesMiddleware',
 'scrapy.downloadermiddlewares.httpproxy.HttpProxyMiddleware',
 'scrapy.downloadermiddlewares.stats.DownloaderStats']
2019-10-23 09:33:14 [scrapy.middleware] INFO: Enabled spider middlewares:
['scrapy.spidermiddlewares.httperror.HttpErrorMiddleware',
 'scrapy.spidermiddlewares.offsite.OffsiteMiddleware',
 'scrapy.spidermiddlewares.referer.RefererMiddleware',
 'scrapy.spidermiddlewares.urllength.UrlLengthMiddleware',
 'scrapy.spidermiddlewares.depth.DepthMiddleware']
2019-10-23 09:33:14 [scrapy.middleware] INFO: Enabled item pipelines:
['kcrawler.pipelines.KcrawlerPipeline']
2019-10-23 09:33:14 [scrapy.core.engine] INFO: Spider opened
2019-10-23 09:33:14 [scrapy.extensions.logstats] INFO: Crawled 0 pages (at 0 pages/min), scraped 0 items (at 0 items/min)
2019-10-23 09:33:14 [scrapy.extensions.telnet] INFO: Telnet console listening on 127.0.0.1:6023
2019-10-23 09:33:14 [scrapy.downloadermiddlewares.redirect] DEBUG: Redirecting (301) to <GET https://vijaykarnataka.com/topics/%E0%B2%B6%E0%B3%88%E0%B2%B2%E0%B3%87%E0%B2%B6%E0%B3%8D> from <GET https://vijaykarnataka.indiatimes.com/topics/%E0%B2%B6%E0%B3%88%E0%B2%B2%E0%B3%87%E0%B2%B6%E0%B3%8D>
2019-10-23 09:33:20 [scrapy.core.engine] DEBUG: Crawled (200) <GET https://vijaykarnataka.com/topics/%E0%B2%B6%E0%B3%88%E0%B2%B2%E0%B3%87%E0%B2%B6%E0%B3%8D> (referer: None)
2019-10-23 09:33:20 [scrapy.core.scraper] DEBUG: Scraped from <200 https://vijaykarnataka.com/topics/%E0%B2%B6%E0%B3%88%E0%B2%B2%E0%B3%87%E0%B2%B6%E0%B3%8D>
{'content': '', 'headline': '\nಹತ್ಯೆ, ಒಬ್ಬನ ಬಂಧನ ?\n', 'url': ''}
2019-10-23 09:33:20 [scrapy.core.scraper] DEBUG: Scraped from <200 https://vijaykarnataka.com/topics/%E0%B2%B6%E0%B3%88%E0%B2%B2%E0%B3%87%E0%B2%B6%E0%B3%8D>
{'content': '',
 'headline': '\nಸ್ವಾರ್ಥತೆ ಹೆಚ್ಚಾಗಿ ಜ್ಞಾನ ಕುಂದುತ್ತಿದೆ\n',
 'url': ''}
2019-10-23 09:33:21 [scrapy.core.scraper] DEBUG: Scraped from <200 https://vijaykarnataka.com/topics/%E0%B2%B6%E0%B3%88%E0%B2%B2%E0%B3%87%E0%B2%B6%E0%B3%8D>
{'content': '', 'headline': '\nಶ್ರೀಮಠದಲ್ಲಿ ಎಲ್ಲರೂ ಸಮಾನರು\n', 'url': ''}
2019-10-23 09:33:21 [scrapy.core.scraper] DEBUG: Scraped from <200 https://vijaykarnataka.com/topics/%E0%B2%B6%E0%B3%88%E0%B2%B2%E0%B3%87%E0%B2%B6%E0%B3%8D>
{'content': '', 'headline': '\nಅ.13ರಿಂದ ಚುಂಚಶ್ರೀ ಸಂಸ್ಮರಣೋತ್ಸವ\n', 'url': ''}
2019-10-23 09:33:21 [scrapy.core.scraper] DEBUG: Scraped from <200 https://vijaykarnataka.com/topics/%E0%B2%B6%E0%B3%88%E0%B2%B2%E0%B3%87%E0%B2%B6%E0%B3%8D>
{'content': '',
 'headline': '\n'
             'ಸಂಚಾರಿ ನಿಯಮ ಉಲ್ಲಂಘಿಸಿದ ಟ್ರಕ್\u200c ಮಾಲೀಕ, ಚಾಲಕನಿಗೆ ಬರೋಬ್ಬರಿ 6.53 '
             'ಲಕ್ಷ ರೂ. ದಂಡ!\n',
 'url': ''}
2019-10-23 09:33:21 [scrapy.core.scraper] DEBUG: Scraped from <200 https://vijaykarnataka.com/topics/%E0%B2%B6%E0%B3%88%E0%B2%B2%E0%B3%87%E0%B2%B6%E0%B3%8D>
{'content': '',
 'headline': '\n'
             'ಸಂತ್ರಸ್ತರ ರಕ್ಷಣೆಗೆ ಹೊರಟಿದ್ದ ಕಾಪ್ಟರ್\u200c ಪತನಗೊಂಡು ಮೂವರ '
             'ದುರ್ಮರಣ\n',
 'url': ''}
2019-10-23 09:33:21 [scrapy.core.scraper] DEBUG: Scraped from <200 https://vijaykarnataka.com/topics/%E0%B2%B6%E0%B3%88%E0%B2%B2%E0%B3%87%E0%B2%B6%E0%B3%8D>
{'content': '',
 'headline': '\n'
             'ಉತ್ತರಾಖಂಡ್ ಪ್ರವಾಹ: ಪರಿಹಾರ ಸಾಮಗ್ರಿ ಹೊತ್ತು ಬರುತ್ತಿದ್ದ ಹೆಲಿಕಾಪ್ಟರ್ '
             'ಪತನ, ಮೂವರ ಸಾವು\n',
 'url': ''}
2019-10-23 09:33:21 [scrapy.core.scraper] DEBUG: Scraped from <200 https://vijaykarnataka.com/topics/%E0%B2%B6%E0%B3%88%E0%B2%B2%E0%B3%87%E0%B2%B6%E0%B3%8D>
{'content': '', 'headline': '\nಮಹಿಳೆಗೂ ದೇಶ ಕಾಯುವ ಶಕ್ತಿ ಇದೆ\n', 'url': ''}
2019-10-23 09:33:21 [scrapy.core.scraper] DEBUG: Scraped from <200 https://vijaykarnataka.com/topics/%E0%B2%B6%E0%B3%88%E0%B2%B2%E0%B3%87%E0%B2%B6%E0%B3%8D>
{'content': '', 'headline': '\nಬಾಹ್ಯಾಕಾಶದಲ್ಲಿ ಭಾರತ ಬೆಳಗಿದ ಇಸ್ರೊ\n', 'url': ''}
2019-10-23 09:33:21 [scrapy.core.scraper] DEBUG: Scraped from <200 https://vijaykarnataka.com/topics/%E0%B2%B6%E0%B3%88%E0%B2%B2%E0%B3%87%E0%B2%B6%E0%B3%8D>
{'content': '',
 'headline': '\nಶೈಕ್ಷಣಿಕ ಮೀಸಲು ಜಯಚಾಮರಾಜ ಒಡೆಯರ್\u200c ದೂರದೃಷ್ಟಿ\n',
 'url': ''}
2019-10-23 09:33:21 [scrapy.core.scraper] DEBUG: Scraped from <200 https://vijaykarnataka.com/topics/%E0%B2%B6%E0%B3%88%E0%B2%B2%E0%B3%87%E0%B2%B6%E0%B3%8D>
{'content': '',
 'headline': '\nಭಾವುಕಳಾದ ವಿದ್ಯಾರ್ಥಿನಿಯನು ಸಂತೈಸಿದ ಸಿದ್ದರಾಮಯ್ಯ\n',
 'url': ''}
2019-10-23 09:33:21 [scrapy.core.scraper] DEBUG: Scraped from <200 https://vijaykarnataka.com/topics/%E0%B2%B6%E0%B3%88%E0%B2%B2%E0%B3%87%E0%B2%B6%E0%B3%8D>
{'content': '',
 'headline': '\nRTI ಕಾರ್ಯಕರ್ತನ ಹತ್ಯೆ: ಬಿಜೆಪಿ ಮಾಜಿ ಸಂಸದ ಅಪರಾಧಿ\n',
 'url': ''}
2019-10-23 09:33:21 [scrapy.core.scraper] DEBUG: Scraped from <200 https://vijaykarnataka.com/topics/%E0%B2%B6%E0%B3%88%E0%B2%B2%E0%B3%87%E0%B2%B6%E0%B3%8D>
{'content': '',
 'headline': '\n'
             'ಸ್ಯಾಂಡಲ್\u200cವುಡ್\u200cನಲ್ಲಿ ಮಿಂಚುತ್ತಿರುವ ರಿಯಲ್\u200c ವೈದ್ಯರು\n',
 'url': ''}
2019-10-23 09:33:21 [scrapy.core.scraper] DEBUG: Scraped from <200 https://vijaykarnataka.com/topics/%E0%B2%B6%E0%B3%88%E0%B2%B2%E0%B3%87%E0%B2%B6%E0%B3%8D>
{'content': '',
 'headline': "\nಕೊನೆಗೂ ಬದಲಾದ ಕಂಗನಾ ರಣಾವತ್ 'ಮೆಂಟಲ್ ಹೈ ಕ್ಯಾ' ಶೀರ್ಷಿಕೆ\n",
 'url': ''}
2019-10-23 09:33:21 [scrapy.core.scraper] DEBUG: Scraped from <200 https://vijaykarnataka.com/topics/%E0%B2%B6%E0%B3%88%E0%B2%B2%E0%B3%87%E0%B2%B6%E0%B3%8D>
{'content': '',
 'headline': '\nಯೋಗಾಭ್ಯಾಸದಿಂದ ದೇಹದ, ದೇಶದ ಸದೃಢತೆ ಸಾಧ್ಯ\n',
 'url': ''}
2019-10-23 09:33:21 [scrapy.core.scraper] DEBUG: Scraped from <200 https://vijaykarnataka.com/topics/%E0%B2%B6%E0%B3%88%E0%B2%B2%E0%B3%87%E0%B2%B6%E0%B3%8D>
{'content': '', 'headline': '\nಇಂದು ಅಂತಾರಾಷ್ಟ್ರೀಯ ಯೋಗ ದಿನಾಚರಣೆ\n', 'url': ''}
2019-10-23 09:33:21 [scrapy.core.scraper] DEBUG: Scraped from <200 https://vijaykarnataka.com/topics/%E0%B2%B6%E0%B3%88%E0%B2%B2%E0%B3%87%E0%B2%B6%E0%B3%8D>
{'content': '',
 'headline': '\nಸಂಘಟಿತ ಪ್ರಯತ್ನದಿಂದ ಸರ್ವಾಂಗೀಣ ಅಭಿವೃದ್ದಿ\n',
 'url': ''}
2019-10-23 09:33:21 [scrapy.core.scraper] DEBUG: Scraped from <200 https://vijaykarnataka.com/topics/%E0%B2%B6%E0%B3%88%E0%B2%B2%E0%B3%87%E0%B2%B6%E0%B3%8D>
{'content': '',
 'headline': '\n'
             'ಬಾರ್ ಡ್ಯಾನ್ಸರ್ ಮೇಲೆ ಅತ್ಯಾಚಾರ: ಸಿಪಿಎಂ ವರಿಷ್ಠನ ಪುತ್ರನ ವಿರುದ್ಧ '
             'ಮುಂಬಯಿಯಲ್ಲಿ ಕೇಸು\n',
 'url': ''}
2019-10-23 09:33:22 [scrapy.core.scraper] DEBUG: Scraped from <200 https://vijaykarnataka.com/topics/%E0%B2%B6%E0%B3%88%E0%B2%B2%E0%B3%87%E0%B2%B6%E0%B3%8D>
{'content': '',
 'headline': '\n'
             'ವಿಶ್ವಸಂಸ್ಥೆ ಶಾಂತಿ ಪಾಲನಾ ಪಡೆಯ ಕಮಾಂಡರ್\u200c ಆಗಿ ಶೈಲೇಶ್\u200c '
             'ತಿನೇಕರ್\u200c ನೇಮಕ\n',
 'url': ''}
2019-10-23 09:33:22 [scrapy.core.scraper] DEBUG: Scraped from <200 https://vijaykarnataka.com/topics/%E0%B2%B6%E0%B3%88%E0%B2%B2%E0%B3%87%E0%B2%B6%E0%B3%8D>
{'content': '',
 'headline': '\nಊದಿಕೊಂಡ ರಕ್ತನಾಳಗಳಿಗೆ ಯಶಸ್ವಿ ಚಿಕಿತ್ಸೆ\n',
 'url': ''}
2019-10-23 09:33:22 [scrapy.core.engine] INFO: Closing spider (finished)
2019-10-23 09:33:22 [scrapy.statscollectors] INFO: Dumping Scrapy stats:
{'downloader/request_bytes': 567,
 'downloader/request_count': 2,
 'downloader/request_method_count/GET': 2,
 'downloader/response_bytes': 37318,
 'downloader/response_count': 2,
 'downloader/response_status_count/200': 1,
 'downloader/response_status_count/301': 1,
 'elapsed_time_seconds': 7.690019,
 'finish_reason': 'finished',
 'finish_time': datetime.datetime(2019, 10, 23, 9, 33, 22, 186538),
 'item_scraped_count': 20,
 'log_count/DEBUG': 22,
 'log_count/INFO': 10,
 'memusage/max': 71233536,
 'memusage/startup': 71233536,
 'response_received_count': 1,
 'scheduler/dequeued': 2,
 'scheduler/dequeued/memory': 2,
 'scheduler/enqueued': 2,
 'scheduler/enqueued/memory': 2,
 'start_time': datetime.datetime(2019, 10, 23, 9, 33, 14, 496519)}
2019-10-23 09:33:22 [scrapy.core.engine] INFO: Spider closed (finished)
