2019-10-23 05:23:21 [scrapy.utils.log] INFO: Scrapy 1.7.4 started (bot: kcrawler)
2019-10-23 05:23:21 [scrapy.utils.log] INFO: Versions: lxml 4.4.1.0, libxml2 2.9.9, cssselect 1.1.0, parsel 1.5.2, w3lib 1.21.0, Twisted 19.7.0, Python 3.6.8 (default, Oct  7 2019, 12:59:55) - [GCC 8.3.0], pyOpenSSL 19.0.0 (OpenSSL 1.1.1d  10 Sep 2019), cryptography 2.8, Platform Linux-4.15.0-65-generic-x86_64-with-Ubuntu-18.04-bionic
2019-10-23 05:23:21 [scrapy.crawler] INFO: Overridden settings: {'BOT_NAME': 'kcrawler', 'LOG_FILE': 'logs/kcrawler/mainspider/394d282af55511e9832e48e2444750f9.log', 'NEWSPIDER_MODULE': 'kcrawler.spiders', 'SPIDER_MODULES': ['kcrawler.spiders']}
2019-10-23 05:23:21 [scrapy.extensions.telnet] INFO: Telnet Password: ec9fd2773045a201
2019-10-23 05:23:21 [scrapy.middleware] INFO: Enabled extensions:
['scrapy.extensions.corestats.CoreStats',
 'scrapy.extensions.telnet.TelnetConsole',
 'scrapy.extensions.memusage.MemoryUsage',
 'scrapy.extensions.logstats.LogStats']
2019-10-23 05:23:21 [scrapy.middleware] INFO: Enabled downloader middlewares:
['scrapy.downloadermiddlewares.httpauth.HttpAuthMiddleware',
 'scrapy.downloadermiddlewares.downloadtimeout.DownloadTimeoutMiddleware',
 'scrapy.downloadermiddlewares.defaultheaders.DefaultHeadersMiddleware',
 'scrapy.downloadermiddlewares.useragent.UserAgentMiddleware',
 'scrapy.downloadermiddlewares.retry.RetryMiddleware',
 'scrapy.downloadermiddlewares.redirect.MetaRefreshMiddleware',
 'scrapy.downloadermiddlewares.httpcompression.HttpCompressionMiddleware',
 'scrapy.downloadermiddlewares.redirect.RedirectMiddleware',
 'scrapy.downloadermiddlewares.cookies.CookiesMiddleware',
 'scrapy.downloadermiddlewares.httpproxy.HttpProxyMiddleware',
 'scrapy.downloadermiddlewares.stats.DownloaderStats']
2019-10-23 05:23:21 [scrapy.middleware] INFO: Enabled spider middlewares:
['scrapy.spidermiddlewares.httperror.HttpErrorMiddleware',
 'scrapy.spidermiddlewares.offsite.OffsiteMiddleware',
 'scrapy.spidermiddlewares.referer.RefererMiddleware',
 'scrapy.spidermiddlewares.urllength.UrlLengthMiddleware',
 'scrapy.spidermiddlewares.depth.DepthMiddleware']
2019-10-23 05:23:21 [scrapy.middleware] INFO: Enabled item pipelines:
['kcrawler.pipelines.KcrawlerPipeline']
2019-10-23 05:23:21 [scrapy.core.engine] INFO: Spider opened
2019-10-23 05:23:21 [scrapy.extensions.logstats] INFO: Crawled 0 pages (at 0 pages/min), scraped 0 items (at 0 items/min)
2019-10-23 05:23:21 [scrapy.extensions.telnet] INFO: Telnet console listening on 127.0.0.1:6023
2019-10-23 05:23:21 [scrapy.downloadermiddlewares.retry] DEBUG: Retrying <GET https://vijaykarnataka.indiatimes.com/topics/%E0%B2%95%E0%B2%A8%E0%B3%8D%E0%B2%A8%E0%B2%A1> (failed 1 times): DNS lookup failed: no results for hostname lookup: vijaykarnataka.indiatimes.com.
2019-10-23 05:23:21 [scrapy.downloadermiddlewares.retry] DEBUG: Retrying <GET https://vijaykarnataka.indiatimes.com/topics/%E0%B2%95%E0%B2%A8%E0%B3%8D%E0%B2%A8%E0%B2%A1> (failed 2 times): DNS lookup failed: no results for hostname lookup: vijaykarnataka.indiatimes.com.
2019-10-23 05:23:21 [scrapy.downloadermiddlewares.retry] DEBUG: Gave up retrying <GET https://vijaykarnataka.indiatimes.com/topics/%E0%B2%95%E0%B2%A8%E0%B3%8D%E0%B2%A8%E0%B2%A1> (failed 3 times): DNS lookup failed: no results for hostname lookup: vijaykarnataka.indiatimes.com.
2019-10-23 05:23:21 [scrapy.core.scraper] ERROR: Error downloading <GET https://vijaykarnataka.indiatimes.com/topics/%E0%B2%95%E0%B2%A8%E0%B3%8D%E0%B2%A8%E0%B2%A1>
Traceback (most recent call last):
  File "/home/samarth/.local/lib/python3.6/site-packages/twisted/internet/defer.py", line 1416, in _inlineCallbacks
    result = result.throwExceptionIntoGenerator(g)
  File "/home/samarth/.local/lib/python3.6/site-packages/twisted/python/failure.py", line 512, in throwExceptionIntoGenerator
    return g.throw(self.type, self.value, self.tb)
  File "/home/samarth/.local/lib/python3.6/site-packages/scrapy/core/downloader/middleware.py", line 44, in process_request
    defer.returnValue((yield download_func(request=request, spider=spider)))
  File "/home/samarth/.local/lib/python3.6/site-packages/twisted/internet/defer.py", line 654, in _runCallbacks
    current.result = callback(current.result, *args, **kw)
  File "/home/samarth/.local/lib/python3.6/site-packages/twisted/internet/endpoints.py", line 982, in startConnectionAttempts
    "no results for hostname lookup: {}".format(self._hostStr)
twisted.internet.error.DNSLookupError: DNS lookup failed: no results for hostname lookup: vijaykarnataka.indiatimes.com.
2019-10-23 05:23:21 [scrapy.core.engine] INFO: Closing spider (finished)
2019-10-23 05:23:22 [scrapy.statscollectors] INFO: Dumping Scrapy stats:
{'downloader/exception_count': 3,
 'downloader/exception_type_count/twisted.internet.error.DNSLookupError': 3,
 'downloader/request_bytes': 840,
 'downloader/request_count': 3,
 'downloader/request_method_count/GET': 3,
 'elapsed_time_seconds': 0.377065,
 'finish_reason': 'finished',
 'finish_time': datetime.datetime(2019, 10, 23, 5, 23, 22, 34438),
 'log_count/DEBUG': 3,
 'log_count/ERROR': 1,
 'log_count/INFO': 10,
 'memusage/max': 68386816,
 'memusage/startup': 68386816,
 'retry/count': 2,
 'retry/max_reached': 1,
 'retry/reason_count/twisted.internet.error.DNSLookupError': 2,
 'scheduler/dequeued': 3,
 'scheduler/dequeued/memory': 3,
 'scheduler/enqueued': 3,
 'scheduler/enqueued/memory': 3,
 'start_time': datetime.datetime(2019, 10, 23, 5, 23, 21, 657373)}
2019-10-23 05:23:22 [scrapy.core.engine] INFO: Spider closed (finished)
