2019-10-23 05:37:58 [scrapy.utils.log] INFO: Scrapy 1.7.4 started (bot: kcrawler)
2019-10-23 05:37:58 [scrapy.utils.log] INFO: Versions: lxml 4.4.1.0, libxml2 2.9.9, cssselect 1.1.0, parsel 1.5.2, w3lib 1.21.0, Twisted 19.7.0, Python 3.6.8 (default, Oct  7 2019, 12:59:55) - [GCC 8.3.0], pyOpenSSL 19.0.0 (OpenSSL 1.1.1d  10 Sep 2019), cryptography 2.8, Platform Linux-4.15.0-65-generic-x86_64-with-Ubuntu-18.04-bionic
2019-10-23 05:37:58 [scrapy.crawler] INFO: Overridden settings: {'BOT_NAME': 'kcrawler', 'LOG_FILE': 'logs/kcrawler/mainspider/449f4760f55711e9832e48e2444750f9.log', 'NEWSPIDER_MODULE': 'kcrawler.spiders', 'SPIDER_MODULES': ['kcrawler.spiders']}
2019-10-23 05:37:58 [scrapy.extensions.telnet] INFO: Telnet Password: 00f7fa4ad2f2ba00
2019-10-23 05:37:58 [scrapy.middleware] INFO: Enabled extensions:
['scrapy.extensions.corestats.CoreStats',
 'scrapy.extensions.telnet.TelnetConsole',
 'scrapy.extensions.memusage.MemoryUsage',
 'scrapy.extensions.logstats.LogStats']
2019-10-23 05:37:58 [scrapy.middleware] INFO: Enabled downloader middlewares:
['scrapy.downloadermiddlewares.httpauth.HttpAuthMiddleware',
 'scrapy.downloadermiddlewares.downloadtimeout.DownloadTimeoutMiddleware',
 'scrapy.downloadermiddlewares.defaultheaders.DefaultHeadersMiddleware',
 'scrapy.downloadermiddlewares.useragent.UserAgentMiddleware',
 'scrapy.downloadermiddlewares.retry.RetryMiddleware',
 'scrapy.downloadermiddlewares.redirect.MetaRefreshMiddleware',
 'scrapy.downloadermiddlewares.httpcompression.HttpCompressionMiddleware',
 'scrapy.downloadermiddlewares.redirect.RedirectMiddleware',
 'scrapy.downloadermiddlewares.cookies.CookiesMiddleware',
 'scrapy.downloadermiddlewares.httpproxy.HttpProxyMiddleware',
 'scrapy.downloadermiddlewares.stats.DownloaderStats']
2019-10-23 05:37:58 [scrapy.middleware] INFO: Enabled spider middlewares:
['scrapy.spidermiddlewares.httperror.HttpErrorMiddleware',
 'scrapy.spidermiddlewares.offsite.OffsiteMiddleware',
 'scrapy.spidermiddlewares.referer.RefererMiddleware',
 'scrapy.spidermiddlewares.urllength.UrlLengthMiddleware',
 'scrapy.spidermiddlewares.depth.DepthMiddleware']
2019-10-23 05:37:58 [scrapy.middleware] INFO: Enabled item pipelines:
['kcrawler.pipelines.KcrawlerPipeline']
2019-10-23 05:37:58 [scrapy.core.engine] INFO: Spider opened
2019-10-23 05:37:58 [scrapy.extensions.logstats] INFO: Crawled 0 pages (at 0 pages/min), scraped 0 items (at 0 items/min)
2019-10-23 05:37:58 [scrapy.extensions.telnet] INFO: Telnet console listening on 127.0.0.1:6023
2019-10-23 05:37:59 [scrapy.downloadermiddlewares.redirect] DEBUG: Redirecting (301) to <GET https://vijaykarnataka.com/topics/%E0%B2%AA%E0%B3%8D%E0%B2%B0%E0%B2%95%E0%B2%B0%E0%B2%A3> from <GET https://vijaykarnataka.indiatimes.com/topics/%E0%B2%AA%E0%B3%8D%E0%B2%B0%E0%B2%95%E0%B2%B0%E0%B2%A3>
2019-10-23 05:38:00 [scrapy.core.engine] DEBUG: Crawled (200) <GET https://vijaykarnataka.com/topics/%E0%B2%AA%E0%B3%8D%E0%B2%B0%E0%B2%95%E0%B2%B0%E0%B2%A3> (referer: None)
2019-10-23 05:38:01 [scrapy.core.scraper] DEBUG: Scraped from <200 https://vijaykarnataka.com/topics/%E0%B2%AA%E0%B3%8D%E0%B2%B0%E0%B2%95%E0%B2%B0%E0%B2%A3>
{'content': '',
 'headline': '\n'
             'ಕುಮಾರಸ್ವಾಮಿ ಮನೆ ಮೇಲೆ ದಾಳಿ ಮಾಡಿದರೆ ಬಿಎಸ್\u200cವೈ ಅಕ್ರಮ ಆಸ್ತಿ ಪತ್ರ '
             'ಸಿಗುತ್ತವೆಯಂತೆ!\n',
 'url': ''}
2019-10-23 05:38:01 [scrapy.core.scraper] DEBUG: Scraped from <200 https://vijaykarnataka.com/topics/%E0%B2%AA%E0%B3%8D%E0%B2%B0%E0%B2%95%E0%B2%B0%E0%B2%A3>
{'content': '',
 'headline': '\n'
             'ಕಾವೇರಿ ವೆಬ್\u200cಸೈಟ್\u200cಗೇ ಕನ್ನ: ಸೈಬರ್\u200c ಕ್ರೈಂ ಠಾಣೆಗೆ '
             'ನೋಂದಣಿ ಇಲಾಖೆ ಮಹಾ ನಿರೀಕ್ಷಕರಿಂದ ದೂರು\n',
 'url': ''}
2019-10-23 05:38:01 [scrapy.core.scraper] DEBUG: Scraped from <200 https://vijaykarnataka.com/topics/%E0%B2%AA%E0%B3%8D%E0%B2%B0%E0%B2%95%E0%B2%B0%E0%B2%A3>
{'content': '',
 'headline': '\nಆನ್\u200cಲೈನ್\u200c ಸಂಸ್ಥೆ ವಿರುದ್ಧ ವಂಚನೆ ಆರೋಪ\n',
 'url': ''}
2019-10-23 05:38:01 [scrapy.core.scraper] DEBUG: Scraped from <200 https://vijaykarnataka.com/topics/%E0%B2%AA%E0%B3%8D%E0%B2%B0%E0%B2%95%E0%B2%B0%E0%B2%A3>
{'content': '',
 'headline': '\nಕರ್ನಾಟಕದಲ್ಲಿ ಹೆಚ್ಚುತ್ತಿದೆ ಮಕ್ಕಳ ಮೇಲಿನ ಅಪರಾಧ ಪ್ರಕರಣ\n',
 'url': ''}
2019-10-23 05:38:01 [scrapy.core.scraper] DEBUG: Scraped from <200 https://vijaykarnataka.com/topics/%E0%B2%AA%E0%B3%8D%E0%B2%B0%E0%B2%95%E0%B2%B0%E0%B2%A3>
{'content': '',
 'headline': '\n'
             'ಶ್ರೀಶಾಂತ್\u200c ಆರೋಪಕ್ಕೆ ಉತ್ತರಿಸುವುದು ಕೂಡ ಮೂರ್ಖತನ ಎಂದ '
             'ದಿನೇಶ್\u200c ಕಾರ್ತಿಕ್\u200c\n',
 'url': ''}
2019-10-23 05:38:01 [scrapy.core.scraper] DEBUG: Scraped from <200 https://vijaykarnataka.com/topics/%E0%B2%AA%E0%B3%8D%E0%B2%B0%E0%B2%95%E0%B2%B0%E0%B2%A3>
{'content': '',
 'headline': '\nಮಂಗಳೂರಿನಲ್ಲೊಂದು ಭೀಕರ ಅಪಘಾತ-ಬೆಚ್ಚಿಬೀಳಿಸುತ್ತೆ ಸಿಸಿ ಟಿವಿ ದೃಶ್ಯ\n',
 'url': ''}
2019-10-23 05:38:01 [scrapy.core.scraper] DEBUG: Scraped from <200 https://vijaykarnataka.com/topics/%E0%B2%AA%E0%B3%8D%E0%B2%B0%E0%B2%95%E0%B2%B0%E0%B2%A3>
{'content': '',
 'headline': '\n'
             'ಸಾಲೂರು ಮಠದ ಗುರುಸ್ವಾಮಿಗಳನ್ನು ಮುಗಿಸಲು ಜೈಲಿನಲ್ಲಿರುವ ಇಮ್ಮಡಿ '
             'ಮಹದೇವಸ್ವಾಮಿ ಪ್ಲಾನ್ ?\n',
 'url': ''}
2019-10-23 05:38:01 [scrapy.core.scraper] DEBUG: Scraped from <200 https://vijaykarnataka.com/topics/%E0%B2%AA%E0%B3%8D%E0%B2%B0%E0%B2%95%E0%B2%B0%E0%B2%A3>
{'content': '',
 'headline': '\n'
             'ಹುಬ್ಬಳ್ಳಿ ರೈಲ್ವೇ ನಿಲ್ದಾಣ ಸ್ಫೋಟ ಇನ್ನೂ ನಿಗೂಢ ! ಮಾಹಿತಿ ಸಿಕ್ಕಿಲ್ಲ '
             'ಅಂದ್ರು ಪೊಲೀಸರು\n',
 'url': ''}
2019-10-23 05:38:01 [scrapy.core.scraper] DEBUG: Scraped from <200 https://vijaykarnataka.com/topics/%E0%B2%AA%E0%B3%8D%E0%B2%B0%E0%B2%95%E0%B2%B0%E0%B2%A3>
{'content': '',
 'headline': '\n'
             'ರಾಜ್ಯದಲ್ಲಿ ವರುಣನ ಆರ್ಭಟಕ್ಕೆ ಮತ್ತೊಂದು ಜೀವ ಬಲಿ, ಸಾವಿನ ಸಂಖ್ಯೆ 10ಕ್ಕೆ '
             'ಏರಿಕೆ\n',
 'url': ''}
2019-10-23 05:38:02 [scrapy.core.scraper] DEBUG: Scraped from <200 https://vijaykarnataka.com/topics/%E0%B2%AA%E0%B3%8D%E0%B2%B0%E0%B2%95%E0%B2%B0%E0%B2%A3>
{'content': '',
 'headline': '\n'
             'ಕೊನೆಗೂ ಈಡೇರಿತು ಬಹುದಿನಗಳ ಬೇಡಿಕೆ:ವಿಜಯಪುರ- ಯಶವಂತಪುರ ರೈಲು ಸೇವೆ '
             'ಆರಂಭ\n',
 'url': ''}
2019-10-23 05:38:02 [scrapy.core.scraper] DEBUG: Scraped from <200 https://vijaykarnataka.com/topics/%E0%B2%AA%E0%B3%8D%E0%B2%B0%E0%B2%95%E0%B2%B0%E0%B2%A3>
{'content': '',
 'headline': '\n'
             'ಕಾಲೇಜಿನ ವಿರುದ್ಧ ಪ್ರತಿಭಟನೆ ಮಾಡಿದ್ದಕ್ಕೆ 14 ಲಕ್ಷ ರೂ. ಪ್ಯಾಕೇಜಿನ ಆಫರ್ '
             'ಲೆಟರ್ ನಾಶ; ಬೆಂಗಳೂರಿನಲ್ಲಿ ಎಂಜಿನಿಯರಿಂಗ್\u200c ವಿದ್ಯಾರ್ಥಿ '
             'ಆತ್ಮಹತ್ಯೆ\n',
 'url': ''}
2019-10-23 05:38:02 [scrapy.core.scraper] DEBUG: Scraped from <200 https://vijaykarnataka.com/topics/%E0%B2%AA%E0%B3%8D%E0%B2%B0%E0%B2%95%E0%B2%B0%E0%B2%A3>
{'content': '',
 'headline': '\n'
             'ಉಡುಪಿಯಲ್ಲಿ 569.8 ಕೋಟಿ ರೂ. ನಷ್ಟ, ಸಿಕ್ಕಿದ್ದು ಮಾತ್ರ 25 ಕೋಟಿ '
             'ಪರಿಹಾರ!\n',
 'url': ''}
2019-10-23 05:38:02 [scrapy.core.scraper] DEBUG: Scraped from <200 https://vijaykarnataka.com/topics/%E0%B2%AA%E0%B3%8D%E0%B2%B0%E0%B2%95%E0%B2%B0%E0%B2%A3>
{'content': '',
 'headline': '\nಅನಧಿಕೃತ ಬಿಪಿಎಲ್\u200c ಕಾರ್ಡ್\u200c ವಾಪಸ್ಸಿಗೆ ಗಡುವು\n',
 'url': ''}
2019-10-23 05:38:02 [scrapy.core.scraper] DEBUG: Scraped from <200 https://vijaykarnataka.com/topics/%E0%B2%AA%E0%B3%8D%E0%B2%B0%E0%B2%95%E0%B2%B0%E0%B2%A3>
{'content': '', 'headline': '\nಮರಕ್ಕೆ ಕಾರು ಡಿಕ್ಕಿಯಾಗಿ ಓರ್ವ ಸಾವು\n', 'url': ''}
2019-10-23 05:38:02 [scrapy.core.scraper] DEBUG: Scraped from <200 https://vijaykarnataka.com/topics/%E0%B2%AA%E0%B3%8D%E0%B2%B0%E0%B2%95%E0%B2%B0%E0%B2%A3>
{'content': '', 'headline': '\nನಡುಕ ಹೆಚ್ಚಿಸಿದೆ ಇನಾಂ ಭೂ ವಿಚಾರಣೆ\n', 'url': ''}
2019-10-23 05:38:02 [scrapy.core.scraper] DEBUG: Scraped from <200 https://vijaykarnataka.com/topics/%E0%B2%AA%E0%B3%8D%E0%B2%B0%E0%B2%95%E0%B2%B0%E0%B2%A3>
{'content': '',
 'headline': '\n'
             'ವಿಲ್\u200c ರದ್ದು, ಸುತ್ತೂರು ಶ್ರೀ ಮಾರ್ಗದರ್ಶನದಲ್ಲಿ ಉತ್ತರಾಧಿಕಾರಿ '
             'ಆಯ್ಕೆ\n',
 'url': ''}
2019-10-23 05:38:02 [scrapy.core.scraper] DEBUG: Scraped from <200 https://vijaykarnataka.com/topics/%E0%B2%AA%E0%B3%8D%E0%B2%B0%E0%B2%95%E0%B2%B0%E0%B2%A3>
{'content': '',
 'headline': '\n'
             'ದೋಸ್ತಿ ಸರಕಾರ ಪತನಕ್ಕೆ ಸಿದ್ದರಾಮಯ್ಯ, ಕುಮಾರಸ್ವಾಮಿ ಸ್ವಪ್ರತಿಷ್ಠೆ ಕಾರಣ: '
             'ಬಿಸಿ ಪಾಟೀಲ್\u200c\n',
 'url': ''}
2019-10-23 05:38:02 [scrapy.core.scraper] DEBUG: Scraped from <200 https://vijaykarnataka.com/topics/%E0%B2%AA%E0%B3%8D%E0%B2%B0%E0%B2%95%E0%B2%B0%E0%B2%A3>
{'content': '',
 'headline': '\n'
             "ಅಶ್ಲೀಲ ವಿಡಿಯೋ ಸಿಡಿ ಪ್ರಕರಣ, ಛತ್ತೀಸ್\u200cಗಢ ಸಿಎಂಗೆ 'ಸುಪ್ರೀಂ' "
             'ರಿಲೀಫ್\u200c\n',
 'url': ''}
2019-10-23 05:38:02 [scrapy.core.scraper] DEBUG: Scraped from <200 https://vijaykarnataka.com/topics/%E0%B2%AA%E0%B3%8D%E0%B2%B0%E0%B2%95%E0%B2%B0%E0%B2%A3>
{'content': '',
 'headline': '\nಜಾಲತಾಣದಲ್ಲಿ ಪರಿಚಯವಾದ ವ್ಯಕ್ತಿಯಿಂದ ಮಹಿಳೆಗೆ ವಂಚನೆ\n',
 'url': ''}
2019-10-23 05:38:02 [scrapy.core.engine] INFO: Closing spider (finished)
2019-10-23 05:38:02 [scrapy.statscollectors] INFO: Dumping Scrapy stats:
{'downloader/request_bytes': 567,
 'downloader/request_count': 2,
 'downloader/request_method_count/GET': 2,
 'downloader/response_bytes': 37678,
 'downloader/response_count': 2,
 'downloader/response_status_count/200': 1,
 'downloader/response_status_count/301': 1,
 'elapsed_time_seconds': 4.172878,
 'finish_reason': 'finished',
 'finish_time': datetime.datetime(2019, 10, 23, 5, 38, 2, 889982),
 'item_scraped_count': 19,
 'log_count/DEBUG': 21,
 'log_count/INFO': 10,
 'memusage/max': 68034560,
 'memusage/startup': 68034560,
 'response_received_count': 1,
 'scheduler/dequeued': 2,
 'scheduler/dequeued/memory': 2,
 'scheduler/enqueued': 2,
 'scheduler/enqueued/memory': 2,
 'start_time': datetime.datetime(2019, 10, 23, 5, 37, 58, 717104)}
2019-10-23 05:38:02 [scrapy.core.engine] INFO: Spider closed (finished)
