2019-10-23 05:24:11 [scrapy.utils.log] INFO: Scrapy 1.7.4 started (bot: kcrawler)
2019-10-23 05:24:11 [scrapy.utils.log] INFO: Versions: lxml 4.4.1.0, libxml2 2.9.9, cssselect 1.1.0, parsel 1.5.2, w3lib 1.21.0, Twisted 19.7.0, Python 3.6.8 (default, Oct  7 2019, 12:59:55) - [GCC 8.3.0], pyOpenSSL 19.0.0 (OpenSSL 1.1.1d  10 Sep 2019), cryptography 2.8, Platform Linux-4.15.0-65-generic-x86_64-with-Ubuntu-18.04-bionic
2019-10-23 05:24:11 [scrapy.crawler] INFO: Overridden settings: {'BOT_NAME': 'kcrawler', 'LOG_FILE': 'logs/kcrawler/mainspider/57113efaf55511e9832e48e2444750f9.log', 'NEWSPIDER_MODULE': 'kcrawler.spiders', 'SPIDER_MODULES': ['kcrawler.spiders']}
2019-10-23 05:24:11 [scrapy.extensions.telnet] INFO: Telnet Password: 1fbeef37d7eb51bd
2019-10-23 05:24:11 [scrapy.middleware] INFO: Enabled extensions:
['scrapy.extensions.corestats.CoreStats',
 'scrapy.extensions.telnet.TelnetConsole',
 'scrapy.extensions.memusage.MemoryUsage',
 'scrapy.extensions.logstats.LogStats']
2019-10-23 05:24:11 [scrapy.middleware] INFO: Enabled downloader middlewares:
['scrapy.downloadermiddlewares.httpauth.HttpAuthMiddleware',
 'scrapy.downloadermiddlewares.downloadtimeout.DownloadTimeoutMiddleware',
 'scrapy.downloadermiddlewares.defaultheaders.DefaultHeadersMiddleware',
 'scrapy.downloadermiddlewares.useragent.UserAgentMiddleware',
 'scrapy.downloadermiddlewares.retry.RetryMiddleware',
 'scrapy.downloadermiddlewares.redirect.MetaRefreshMiddleware',
 'scrapy.downloadermiddlewares.httpcompression.HttpCompressionMiddleware',
 'scrapy.downloadermiddlewares.redirect.RedirectMiddleware',
 'scrapy.downloadermiddlewares.cookies.CookiesMiddleware',
 'scrapy.downloadermiddlewares.httpproxy.HttpProxyMiddleware',
 'scrapy.downloadermiddlewares.stats.DownloaderStats']
2019-10-23 05:24:11 [scrapy.middleware] INFO: Enabled spider middlewares:
['scrapy.spidermiddlewares.httperror.HttpErrorMiddleware',
 'scrapy.spidermiddlewares.offsite.OffsiteMiddleware',
 'scrapy.spidermiddlewares.referer.RefererMiddleware',
 'scrapy.spidermiddlewares.urllength.UrlLengthMiddleware',
 'scrapy.spidermiddlewares.depth.DepthMiddleware']
2019-10-23 05:24:11 [scrapy.middleware] INFO: Enabled item pipelines:
['kcrawler.pipelines.KcrawlerPipeline']
2019-10-23 05:24:11 [scrapy.core.engine] INFO: Spider opened
2019-10-23 05:24:11 [scrapy.extensions.logstats] INFO: Crawled 0 pages (at 0 pages/min), scraped 0 items (at 0 items/min)
2019-10-23 05:24:11 [scrapy.extensions.telnet] INFO: Telnet console listening on 127.0.0.1:6023
2019-10-23 05:24:12 [scrapy.downloadermiddlewares.redirect] DEBUG: Redirecting (301) to <GET https://vijaykarnataka.com/topics/%E0%B2%B8%E0%B3%88%E0%B2%B0%E0%B2%BE> from <GET https://vijaykarnataka.indiatimes.com/topics/%E0%B2%B8%E0%B3%88%E0%B2%B0%E0%B2%BE>
2019-10-23 05:24:14 [scrapy.core.engine] DEBUG: Crawled (200) <GET https://vijaykarnataka.com/topics/%E0%B2%B8%E0%B3%88%E0%B2%B0%E0%B2%BE> (referer: None)
2019-10-23 05:24:14 [scrapy.core.scraper] DEBUG: Scraped from <200 https://vijaykarnataka.com/topics/%E0%B2%B8%E0%B3%88%E0%B2%B0%E0%B2%BE>
{'content': ['\n'
             'ಕರ್ನಾಟಕದಲ್ಲಿ ಇನ್ನುಮುಂದೆ ತೆಲುಗು ಸಿನಿಮಾಗಳಿಗೆ ಶುರುವಾಗಲಿದೆ '
             'ಕಷ್ಟಕಾಲ!!\n',
             '\n'
             "'ದಬಾಂಗ್\u200c-3'ಗೆ ಕನ್ನಡ ಡೈಲಾಗ್\u200c ಬರಿತಾ ಇದ್ದಾರೆ "
             'ಗುರುದತ್\u200c ಗಾಣಿಗ\n',
             "\n'ಸೈ ರಾ' ಬೆಡಗಿ ತಮನ್ನಾಗೆ ರಾಮ್ ಚರಣ್ ₹ 2 ಕೋಟಿ ಉಂಗುರ ಉಡುಗೊರೆ?\n",
             '\n'
             'ದಬಾಂಗ್\u200c 3: ಕನ್ನಡ ಕಲಿಯುತ್ತಿದ್ದಾರೆ ಸಲ್ಮಾನ್\u200c ಖಾನ್\u200c\n',
             '\n'
             'ಇನ್ಮುಂದೆ ಕರ್ನಾಟಕದಲ್ಲಿ ಡಬ್ಬಿಂಗ್ ಸಿನಿಮಾಗಳನ್ನು ರಿಲೀಸ್ ಮಾಡೋಕೆ '
             'ಸಮಸ್ಯೆಯೇ ಇಲ್ಲ!!!\n',
             '\n'
             'ಕನ್ನಡ ಸಿನಿಮಾಗಳಿಗೆ ಭಾರೀ ಪೆಟ್ಟು ನೀಡಿದ ಸೈ ರಾ ನರಸಿಂಹ ರೆಡ್ಡಿ ಸಿನಿಮಾ!! '
             'ಯಾಕೆ?\n',
             '\nಕನ್ನಡ ಸಿನಿಮಾ ಯಾವ ಬಾಲಿವುಡ್\u200c ಸಿನಿಮಾಗೆ ಕಡಿಮೆ ಇಲ್ಲ: ಶಿವಣ್ಣ\n',
             '\n'
             'ಸೈ ರಾ ನರಸಿಂಹ ರೆಡ್ಡಿ ಸಿನಿಮಾದ ಫಸ್ಟ್ ಡೇ ಕಲೆಕ್ಷನ್ ಎಷ್ಟು? '
             'ಗಗನಕ್ಕೇರಿತ್ತು ಸೈರಾ ಮೊದಲ ಶೋದ ಟಿಕೆಟ್ ರೇಟ್!!!\n',
             '\n'
             "'ಸೈ ರಾ ನರಸಿಂಹ ರೆಡ್ಡಿ'ಯಲ್ಲಿ ಸುದೀಪ್\u200c ಜತೆಗೆ ಮಿಂಚಿದ್ದಾರೆ ಇನ್ನೂ "
             'ಇಬ್ಬರು ಕನ್ನಡದ ಕಲಾವಿದರು!\n',
             '\n'
             "'ಸೈ ರಾ ನರಸಿಂಹ ರೆಡ್ಡಿ' ಚಿತ್ರದಲ್ಲಿ ಸುದೀಪ್ ಅಭಿನಯ ಕಂಡು ಪ್ರೇಕ್ಷಕರು "
             'ಶಾಕ್\u200c!\n',
             '\n'
             "ಕರ್ನಾಟಕದಲ್ಲಿ 'ಸೈರಾ ನರಸಿಂಹ ರೆಡ್ಡಿ'ಗೆ ಪ್ರೇಕ್ಷಕರ ಪ್ರತಿಕ್ರಿಯೆ "
             'ಹೇಗಿದೆ?\n',
             '\n'
             "'ಸೈ ರಾ ನರಸಿಂಹ ರೆಡ್ಡಿ' ಫಸ್ಟ್ ರಿವ್ಯೂ ಔಟ್, ನಾಲ್ಕು ಸ್ಟಾರ್ ರೇಟಿಂಗ್!\n",
             '\nವಿದೇಶದಲ್ಲಿ ಸಪ್ತಪದಿ ತುಳಿಯಲಿರುವ ನಯನತಾರಾ, ವಿಘ್ನೇಶ್ ಶಿವನ್?\n',
             '\n'
             "ಕರ್ನಾಟಕದಲ್ಲಿ ಕನ್ನಡ ವರ್ಷನ್ 'ಸೈ ರಾ..'ಗೆ ಶೋಗಳೇ ಇಲ್ಲ?! ಪರಭಾಷೆಗೆ "
             'ಸಿಗುವ ಮನ್ನಣೆ ಕನ್ನಡಕ್ಕೆ ಯಾಕಿಲ್ಲ?\n',
             '\n'
             "ನಿಯಮ ಮೀರಿ ನಾಳೆ 'ಸೈರಾ ನರಸಿಂಹ ರೆಡ್ಡಿ' ಸಿನಿಮಾ ರಿಲೀಸ್ ಆಗತ್ತಾ? ನಿಯಮ "
             'ಉಲ್ಲಂಘಿಸದೆ ರಿಲೀಸ್ ಆಗತ್ತಾ?\n',
             '\n'
             '"ಮೆಗಾಸ್ಟಾರ್ ಚಿರಂಜೀವಿ ಸಿನಿಮಾ ನಮ್ಮ ನಾಡಿನಲ್ಲಿ ಬಿಡುಗಡೆಯಾಗುತ್ತಿರುವುದು '
             'ನಮ್ಮೆಲ್ಲರ ಪುಣ್ಯ" ; ಉಪಮುಖ್ಯಮಂತ್ರಿ\n',
             '\n'
             "'ಸೈ ರಾ'ದಲ್ಲಿನ 'ಕಿಚ್ಚ' ಸುದೀಪ್\u200c ನಟನೆ ಬಗ್ಗೆ 'ಮೆಗಾ ಸ್ಟಾರ್' "
             'ಚಿರಂಜೀವಿ ಹೇಳಿದ್ದೇನು?\n',
             '\n'
             '"ಮೊದಲು ನಾವು ಭಾರತೀಯರು, ಆಮೇಲೆ ಮಾತೃಭಾಷೆ" ; ಸೈರಾ ಸಿನಿಮಾ '
             'ಇವೆಂಟ್\u200cನಲ್ಲಿ ನಟ ಶಿವಣ್ಣ ಹೇಳಿಕೆ\n',
             "\nಅಲ್ಲು ಅರ್ಜುನ್ ಮೇಲೆ ಕೋಪಗೊಂಡ 'ಮೆಗಾ ಸ್ಟಾರ್' ಚಿರಂಜೀವಿ ಫ್ಯಾನ್ಸ್!\n",
             '\nಇಂದು ಶಿವಣ್ಣ, ಚಿರಂಜೀವಿ ಮುಖಾಮುಖಿ; ಕಾರಣವೇನು?\n']}
2019-10-23 05:24:14 [scrapy.core.engine] INFO: Closing spider (finished)
2019-10-23 05:24:14 [scrapy.statscollectors] INFO: Dumping Scrapy stats:
{'downloader/request_bytes': 531,
 'downloader/request_count': 2,
 'downloader/request_method_count/GET': 2,
 'downloader/response_bytes': 37252,
 'downloader/response_count': 2,
 'downloader/response_status_count/200': 1,
 'downloader/response_status_count/301': 1,
 'elapsed_time_seconds': 2.877833,
 'finish_reason': 'finished',
 'finish_time': datetime.datetime(2019, 10, 23, 5, 24, 14, 476854),
 'item_scraped_count': 1,
 'log_count/DEBUG': 3,
 'log_count/INFO': 10,
 'memusage/max': 68276224,
 'memusage/startup': 68276224,
 'response_received_count': 1,
 'scheduler/dequeued': 2,
 'scheduler/dequeued/memory': 2,
 'scheduler/enqueued': 2,
 'scheduler/enqueued/memory': 2,
 'start_time': datetime.datetime(2019, 10, 23, 5, 24, 11, 599021)}
2019-10-23 05:24:14 [scrapy.core.engine] INFO: Spider closed (finished)
